<?xml version="1.0" encoding="UTF-8"?>
<!-- Generated by org.testng.reporters.JUnitReportReporter -->
<testsuite hostname="Shobha" failures="0" tests="1" name="Put_Request.Put_request2" time="9.781" errors="0" timestamp="2023-07-08T14:05:51 IST" skipped="0">
  <testcase classname="Put_Request.Put_request2" name="validateResponseCodeAndUserInfoAfterUpdate" time="9.781"/>
  <system-out/>
</testsuite> <!-- Put_Request.Put_request2 -->
