<?xml version="1.0" encoding="UTF-8"?>
<!-- Generated by org.testng.reporters.JUnitReportReporter -->
<testsuite hostname="Shobha" failures="0" tests="1" name="Assignment.Get_request3$UserAPITest" time="8.757" errors="0" timestamp="2023-07-08T13:50:07 IST" skipped="0">
  <testcase classname="Assignment.Get_request3$UserAPITest" name="validateResponseCodeAndUserDetails" time="8.757"/>
  <system-out/>
</testsuite> <!-- Assignment.Get_request3$UserAPITest -->
