<?xml version="1.0" encoding="UTF-8"?>
<!-- Generated by org.testng.reporters.JUnitReportReporter -->
<testsuite hostname="Shobha" failures="0" tests="1" name="Assignment.Get_request2$UserAPITest" time="8.610" errors="0" timestamp="2023-07-08T13:43:09 IST" skipped="0">
  <testcase classname="Assignment.Get_request2$UserAPITest" name="getUserDetailsById" time="8.610"/>
  <system-out/>
</testsuite> <!-- Assignment.Get_request2$UserAPITest -->
