<?xml version="1.0" encoding="UTF-8"?>
<!-- Generated by org.testng.reporters.JUnitReportReporter -->
<testsuite hostname="Shobha" failures="0" tests="1" name="Put_Request.Put_request1" time="7.941" errors="0" timestamp="2023-07-08T14:03:04 IST" skipped="0">
  <testcase classname="Put_Request.Put_request1" name="updateUserInformation" time="7.941"/>
  <system-out/>
</testsuite> <!-- Put_Request.Put_request1 -->
