<?xml version="1.0" encoding="UTF-8"?>
<!-- Generated by org.testng.reporters.JUnitReportReporter -->
<testsuite hostname="Shobha" failures="0" tests="1" name="post_Request.Post_request1$UserAPITest" time="8.254" errors="0" timestamp="2023-07-08T13:54:42 IST" skipped="0">
  <testcase classname="post_Request.Post_request1$UserAPITest" name="createNewUserAndGetId" time="8.254"/>
  <system-out/>
</testsuite> <!-- post_Request.Post_request1$UserAPITest -->
