<?xml version="1.0" encoding="UTF-8"?>
<!-- Generated by org.testng.reporters.JUnitReportReporter -->
<testsuite hostname="Shobha" failures="0" tests="1" name="post_Request.Post_request2" time="7.098" errors="0" timestamp="2023-07-08T13:58:24 IST" skipped="0">
  <testcase classname="post_Request.Post_request2" name="validateResponseCodeAndUserDetails" time="7.098"/>
  <system-out/>
</testsuite> <!-- post_Request.Post_request2 -->
